<?xml version="1.0" encoding="UTF-8"?>
<testsuite name="com.laca.project.LatinAmericanCarriersAssociationApplicationTests" tests="1" skipped="0" failures="0" errors="0" timestamp="2024-03-25T01:37:46" hostname="LAPTOP-DR4QHG5H" time="0.781">
  <properties/>
  <testcase name="contextLoads()" classname="com.laca.project.LatinAmericanCarriersAssociationApplicationTests" time="0.781"/>
  <system-out><![CDATA[19:37:42.339 [Test worker] INFO org.springframework.test.context.support.AnnotationConfigContextLoaderUtils -- Could not detect default configuration classes for test class [com.laca.project.LatinAmericanCarriersAssociationApplicationTests]: LatinAmericanCarriersAssociationApplicationTests does not declare any static, non-private, non-final, nested classes annotated with @Configuration.
19:37:42.474 [Test worker] INFO org.springframework.boot.test.context.SpringBootTestContextBootstrapper -- Found @SpringBootConfiguration com.laca.LatinAmericanCarriersAssociationApplication for test class com.laca.project.LatinAmericanCarriersAssociationApplicationTests

  .   ____          _            __ _ _
 /\\ / ___'_ __ _ _(_)_ __  __ _ \ \ \ \
( ( )\___ | '_ | '_| | '_ \/ _` | \ \ \ \
 \\/  ___)| |_)| | | | | || (_| |  ) ) ) )
  '  |____| .__|_| |_|_| |_\__, | / / / /
 =========|_|==============|___/=/_/_/_/
 :: Spring Boot ::                (v3.1.5)

2024-03-24T19:37:42.980-06:00  INFO 23708 --- [    Test worker] ricanCarriersAssociationApplicationTests : Starting LatinAmericanCarriersAssociationApplicationTests using Java 21.0.2 with PID 23708 (started by krieg in C:\Users\krieg\Documents\Patrones\New folder\Disenno_Patrones_2024-master)
2024-03-24T19:37:42.982-06:00  INFO 23708 --- [    Test worker] ricanCarriersAssociationApplicationTests : No active profile set, falling back to 1 default profile: "default"
2024-03-24T19:37:43.718-06:00  INFO 23708 --- [    Test worker] .s.d.r.c.RepositoryConfigurationDelegate : Bootstrapping Spring Data JPA repositories in DEFAULT mode.
2024-03-24T19:37:43.752-06:00  INFO 23708 --- [    Test worker] .s.d.r.c.RepositoryConfigurationDelegate : Finished Spring Data repository scanning in 22 ms. Found 0 JPA repository interfaces.
2024-03-24T19:37:44.264-06:00  INFO 23708 --- [    Test worker] com.zaxxer.hikari.HikariDataSource       : HikariPool-1 - Starting...
2024-03-24T19:37:44.386-06:00  INFO 23708 --- [    Test worker] com.zaxxer.hikari.pool.HikariPool        : HikariPool-1 - Added connection org.mariadb.jdbc.Connection@159424e2
2024-03-24T19:37:44.388-06:00  INFO 23708 --- [    Test worker] com.zaxxer.hikari.HikariDataSource       : HikariPool-1 - Start completed.
2024-03-24T19:37:44.464-06:00  INFO 23708 --- [    Test worker] o.hibernate.jpa.internal.util.LogHelper  : HHH000204: Processing PersistenceUnitInfo [name: default]
2024-03-24T19:37:44.542-06:00  INFO 23708 --- [    Test worker] org.hibernate.Version                    : HHH000412: Hibernate ORM core version 6.2.13.Final
2024-03-24T19:37:44.545-06:00  INFO 23708 --- [    Test worker] org.hibernate.cfg.Environment            : HHH000406: Using bytecode reflection optimizer
2024-03-24T19:37:44.916-06:00  INFO 23708 --- [    Test worker] o.s.o.j.p.SpringPersistenceUnitInfo      : No LoadTimeWeaver setup: ignoring JPA class transformer
2024-03-24T19:37:45.377-06:00  INFO 23708 --- [    Test worker] o.h.e.t.j.p.i.JtaPlatformInitiator       : HHH000489: No JTA platform available (set 'hibernate.transaction.jta.platform' to enable JTA platform integration)
2024-03-24T19:37:45.383-06:00  INFO 23708 --- [    Test worker] j.LocalContainerEntityManagerFactoryBean : Initialized JPA EntityManagerFactory for persistence unit 'default'
2024-03-24T19:37:45.614-06:00  WARN 23708 --- [    Test worker] JpaBaseConfiguration$JpaWebConfiguration : spring.jpa.open-in-view is enabled by default. Therefore, database queries may be performed during view rendering. Explicitly configure spring.jpa.open-in-view to disable this warning
2024-03-24T19:37:46.110-06:00  INFO 23708 --- [    Test worker] ricanCarriersAssociationApplicationTests : Started LatinAmericanCarriersAssociationApplicationTests in 3.416 seconds (process running for 4.875)
]]></system-out>
  <system-err><![CDATA[WARNING: A Java agent has been loaded dynamically (C:\Users\krieg\.gradle\caches\modules-2\files-2.1\net.bytebuddy\byte-buddy-agent\1.14.9\dfb8707031008535048bad2b69735f46d0b6c5e5\byte-buddy-agent-1.14.9.jar)
WARNING: If a serviceability tool is in use, please run with -XX:+EnableDynamicAgentLoading to hide this warning
WARNING: If a serviceability tool is not in use, please run with -Djdk.instrument.traceUsage for more information
WARNING: Dynamic loading of agents will be disallowed by default in a future release
]]></system-err>
</testsuite>
